Using pre-set license
Built from '2020.3/release' branch; Version is '2020.3.12f1 (b3b2c6512326) revision 11776710'; Using compiler version '192528614'; Build Type 'Release'
OS: 'Windows 10 Home; OS build 19042.1165; Version 2009; 64bit' Language: 'fi' Physical Memory: 16327 MB
BatchMode: 1, IsHumanControllingUs: 0, StartBugReporterOnCrash: 0, Is64bit: 1, IsPro: 0

 COMMAND LINE ARGUMENTS:
C:\Program Files\Unity\Hub\Editor\2020.3.12f1\Editor\Unity.exe
-adb2
-batchMode
-noUpm
-name
AssetImportWorker0
-projectPath
D:/Peliprojektit/PumpkinParty/PunkinParty2
-logFile
Logs/AssetImportWorker0.log
-srvPort
62788
Successfully changed project path to: D:/Peliprojektit/PumpkinParty/PunkinParty2
D:/Peliprojektit/PumpkinParty/PunkinParty2
Using Asset Import Pipeline V2.
Refreshing native plugins compatible for Editor in 88.31 ms, found 3 plugins.
Preloading 0 native plugins for Editor in 0.00 ms.
Initialize engine version: 2020.3.12f1 (b3b2c6512326)
[Subsystems] Discovering subsystems at path C:/Program Files/Unity/Hub/Editor/2020.3.12f1/Editor/Data/Resources/UnitySubsystems
[Subsystems] Discovering subsystems at path D:/Peliprojektit/PumpkinParty/PunkinParty2/Assets
GfxDevice: creating device client; threaded=0
Direct3D:
    Version:  Direct3D 11.0 [level 11.1]
    Renderer: NVIDIA GeForce GTX 1070 (ID=0x1b81)
    Vendor:   
    VRAM:     8088 MB
    Driver:   27.21.14.5671
Shader 'Universal Render Pipeline/Particles/Lit': fallback shader 'Universal Render Pipeline/Particles/SimpleLit' not found
Initialize mono
Mono path[0] = 'C:/Program Files/Unity/Hub/Editor/2020.3.12f1/Editor/Data/Managed'
Mono path[1] = 'C:/Program Files/Unity/Hub/Editor/2020.3.12f1/Editor/Data/MonoBleedingEdge/lib/mono/unityjit'
Mono config path = 'C:/Program Files/Unity/Hub/Editor/2020.3.12f1/Editor/Data/MonoBleedingEdge/etc'
Using monoOptions --debugger-agent=transport=dt_socket,embedding=1,server=y,suspend=n,address=127.0.0.1:56096
Begin MonoManager ReloadAssembly
Registering precompiled unity dll's ...
Register platform support module: C:/Program Files/Unity/Hub/Editor/2020.3.12f1/Editor/Data/PlaybackEngines/WebGLSupport/UnityEditor.WebGL.Extensions.dll
Register platform support module: C:/Program Files/Unity/Hub/Editor/2020.3.12f1/Editor/Data/PlaybackEngines/WindowsStandaloneSupport/UnityEditor.WindowsStandalone.Extensions.dll
Registered in 0.002441 seconds.
Native extension for WindowsStandalone target not found
Native extension for WebGL target not found
Refreshing native plugins compatible for Editor in 73.38 ms, found 3 plugins.
Preloading 0 native plugins for Editor in 0.00 ms.
Mono: successfully reloaded assembly
- Completed reload, in  2.209 seconds
Platform modules already initialized, skipping
Registering precompiled user dll's ...
Registered in 0.004976 seconds.
Begin MonoManager ReloadAssembly
Native extension for WindowsStandalone target not found
Native extension for WebGL target not found
Refreshing native plugins compatible for Editor in 78.85 ms, found 3 plugins.
Preloading 0 native plugins for Editor in 0.00 ms.
Mono: successfully reloaded assembly
- Completed reload, in  1.327 seconds
Platform modules already initialized, skipping
========================================================================
Worker process is ready to serve import requests
Shader 'Universal Render Pipeline/Particles/Lit': fallback shader 'Universal Render Pipeline/Particles/SimpleLit' not found
Launched and connected shader compiler UnityShaderCompiler.exe after 0.05 seconds
Refreshing native plugins compatible for Editor in 0.90 ms, found 3 plugins.
Preloading 0 native plugins for Editor in 0.00 ms.
Unloading 3490 Unused Serialized files (Serialized files now loaded: 0)
System memory in use before: 151.0 MB.
System memory in use after: 151.1 MB.

Unloading 35 unused Assets to reduce memory usage. Loaded Objects now: 3924.
Total: 2.584600 ms (FindLiveObjects: 0.382400 ms CreateObjectMapping: 0.159300 ms MarkObjects: 1.918300 ms  DeleteObjects: 0.123700 ms)

AssetImportParameters requested are different than current active one (requested -> active):
  custom:framework-win-MediaFoundation: 216162199b28c13a410421893ffa2e32 -> 
  custom:video-decoder-ogg-theora: a1e56fd34408186e4bbccfd4996cb3dc -> 
  custom:container-muxer-webm: aa71ff27fc2769a1b78a27578f13a17b -> 
  custom:container-demuxer-webm: 4f35f7cbe854078d1ac9338744f61a02 -> 
  custom:container-demuxer-ogg: 62fdf1f143b41e24485cea50d1cbac27 -> 
  custom:video-encoder-webm-vp8: eb34c28f22e8b96e1ab97ce403110664 -> 
  custom:video-decoder-webm-vp8: 9c59270c3fd7afecdb556c50c9e8de78 -> 
  custom:audio-decoder-ogg-vorbis: bf7c407c2cedff20999df2af8eb42d56 -> 
  custom:audio-encoder-webm-vorbis: bf7c407c2cedff20999df2af8eb42d56 -> 
========================================================================
Received Import Request.
  path: ProjectSettings/TagManager.asset
  artifactKey: Guid(00000000000000003000000000000000) Importer(815301076,1909f56bfc062723c751e8b465ee728b)
Start importing ProjectSettings/TagManager.asset using Guid(00000000000000003000000000000000) Importer(815301076,1909f56bfc062723c751e8b465ee728b)  -> (artifact id: '70a3fc33b313d645017d80f5fcfbe553') in 0.051270 seconds 
  Import took 0.057223 seconds .

========================================================================
Received Import Request.
  Time since last request: 8.946229 seconds.
  path: ProjectSettings/TagManager.asset
  artifactKey: Guid(00000000000000003000000000000000) Importer(815301076,1909f56bfc062723c751e8b465ee728b)
Start importing ProjectSettings/TagManager.asset using Guid(00000000000000003000000000000000) Importer(815301076,1909f56bfc062723c751e8b465ee728b)  -> (artifact id: '0a7bb9848e0e258cdb8294dc89c7de19') in 0.002451 seconds 
  Import took 0.011773 seconds .

========================================================================
Received Prepare
Registering precompiled user dll's ...
Registered in 0.005058 seconds.
Begin MonoManager ReloadAssembly
Native extension for WindowsStandalone target not found
Native extension for WebGL target not found
Refreshing native plugins compatible for Editor in 0.81 ms, found 3 plugins.
Preloading 0 native plugins for Editor in 0.00 ms.
Mono: successfully reloaded assembly
- Completed reload, in  1.324 seconds
Platform modules already initialized, skipping
Shader 'Universal Render Pipeline/Particles/Lit': fallback shader 'Universal Render Pipeline/Particles/SimpleLit' not found
Refreshing native plugins compatible for Editor in 3.45 ms, found 3 plugins.
Preloading 0 native plugins for Editor in 0.00 ms.
Unloading 3401 Unused Serialized files (Serialized files now loaded: 0)
System memory in use before: 142.9 MB.
System memory in use after: 143.0 MB.

Unloading 25 unused Assets to reduce memory usage. Loaded Objects now: 3928.
Total: 3.651800 ms (FindLiveObjects: 0.288900 ms CreateObjectMapping: 0.210900 ms MarkObjects: 2.813700 ms  DeleteObjects: 0.336600 ms)

AssetImportParameters requested are different than current active one (requested -> active):
  custom:framework-win-MediaFoundation: 216162199b28c13a410421893ffa2e32 -> 
  custom:video-decoder-ogg-theora: a1e56fd34408186e4bbccfd4996cb3dc -> 
  custom:container-muxer-webm: aa71ff27fc2769a1b78a27578f13a17b -> 
  custom:container-demuxer-webm: 4f35f7cbe854078d1ac9338744f61a02 -> 
  custom:container-demuxer-ogg: 62fdf1f143b41e24485cea50d1cbac27 -> 
  custom:video-encoder-webm-vp8: eb34c28f22e8b96e1ab97ce403110664 -> 
  custom:video-decoder-webm-vp8: 9c59270c3fd7afecdb556c50c9e8de78 -> 
  custom:audio-decoder-ogg-vorbis: bf7c407c2cedff20999df2af8eb42d56 -> 
  custom:audio-encoder-webm-vorbis: bf7c407c2cedff20999df2af8eb42d56 -> 
========================================================================
Received Prepare
Registering precompiled user dll's ...
Registered in 0.004117 seconds.
Begin MonoManager ReloadAssembly
Native extension for WindowsStandalone target not found
Native extension for WebGL target not found
Refreshing native plugins compatible for Editor in 0.74 ms, found 3 plugins.
Preloading 0 native plugins for Editor in 0.00 ms.
Mono: successfully reloaded assembly
- Completed reload, in  1.136 seconds
Platform modules already initialized, skipping
Shader 'Universal Render Pipeline/Particles/Lit': fallback shader 'Universal Render Pipeline/Particles/SimpleLit' not found
Refreshing native plugins compatible for Editor in 0.72 ms, found 3 plugins.
Preloading 0 native plugins for Editor in 0.00 ms.
Unloading 3401 Unused Serialized files (Serialized files now loaded: 0)
System memory in use before: 142.9 MB.
System memory in use after: 143.0 MB.

Unloading 23 unused Assets to reduce memory usage. Loaded Objects now: 3932.
Total: 2.886400 ms (FindLiveObjects: 0.291400 ms CreateObjectMapping: 0.198500 ms MarkObjects: 2.275800 ms  DeleteObjects: 0.119700 ms)

AssetImportParameters requested are different than current active one (requested -> active):
  custom:framework-win-MediaFoundation: 216162199b28c13a410421893ffa2e32 -> 
  custom:video-decoder-ogg-theora: a1e56fd34408186e4bbccfd4996cb3dc -> 
  custom:container-muxer-webm: aa71ff27fc2769a1b78a27578f13a17b -> 
  custom:container-demuxer-webm: 4f35f7cbe854078d1ac9338744f61a02 -> 
  custom:container-demuxer-ogg: 62fdf1f143b41e24485cea50d1cbac27 -> 
  custom:video-encoder-webm-vp8: eb34c28f22e8b96e1ab97ce403110664 -> 
  custom:video-decoder-webm-vp8: 9c59270c3fd7afecdb556c50c9e8de78 -> 
  custom:audio-decoder-ogg-vorbis: bf7c407c2cedff20999df2af8eb42d56 -> 
  custom:audio-encoder-webm-vorbis: bf7c407c2cedff20999df2af8eb42d56 -> 
========================================================================
Received Prepare
Registering precompiled user dll's ...
Registered in 0.004175 seconds.
Begin MonoManager ReloadAssembly
Native extension for WindowsStandalone target not found
Native extension for WebGL target not found
Refreshing native plugins compatible for Editor in 0.70 ms, found 3 plugins.
Preloading 0 native plugins for Editor in 0.00 ms.
Mono: successfully reloaded assembly
- Completed reload, in  1.077 seconds
Platform modules already initialized, skipping
Shader 'Universal Render Pipeline/Particles/Lit': fallback shader 'Universal Render Pipeline/Particles/SimpleLit' not found
Refreshing native plugins compatible for Editor in 0.71 ms, found 3 plugins.
Preloading 0 native plugins for Editor in 0.00 ms.
Unloading 3401 Unused Serialized files (Serialized files now loaded: 0)
System memory in use before: 143.0 MB.
System memory in use after: 143.1 MB.

Unloading 23 unused Assets to reduce memory usage. Loaded Objects now: 3936.
Total: 2.495000 ms (FindLiveObjects: 0.271100 ms CreateObjectMapping: 0.143500 ms MarkObjects: 1.944300 ms  DeleteObjects: 0.135100 ms)

AssetImportParameters requested are different than current active one (requested -> active):
  custom:framework-win-MediaFoundation: 216162199b28c13a410421893ffa2e32 -> 
  custom:video-decoder-ogg-theora: a1e56fd34408186e4bbccfd4996cb3dc -> 
  custom:container-muxer-webm: aa71ff27fc2769a1b78a27578f13a17b -> 
  custom:container-demuxer-webm: 4f35f7cbe854078d1ac9338744f61a02 -> 
  custom:container-demuxer-ogg: 62fdf1f143b41e24485cea50d1cbac27 -> 
  custom:video-encoder-webm-vp8: eb34c28f22e8b96e1ab97ce403110664 -> 
  custom:video-decoder-webm-vp8: 9c59270c3fd7afecdb556c50c9e8de78 -> 
  custom:audio-decoder-ogg-vorbis: bf7c407c2cedff20999df2af8eb42d56 -> 
  custom:audio-encoder-webm-vorbis: bf7c407c2cedff20999df2af8eb42d56 -> 
========================================================================
Received Prepare
Registering precompiled user dll's ...
Registered in 0.003818 seconds.
Begin MonoManager ReloadAssembly
Native extension for WindowsStandalone target not found
Native extension for WebGL target not found
Refreshing native plugins compatible for Editor in 0.71 ms, found 3 plugins.
Preloading 0 native plugins for Editor in 0.00 ms.
Mono: successfully reloaded assembly
- Completed reload, in  1.267 seconds
Platform modules already initialized, skipping
Shader 'Universal Render Pipeline/Particles/Lit': fallback shader 'Universal Render Pipeline/Particles/SimpleLit' not found
Refreshing native plugins compatible for Editor in 0.85 ms, found 3 plugins.
Preloading 0 native plugins for Editor in 0.00 ms.
Unloading 3401 Unused Serialized files (Serialized files now loaded: 0)
System memory in use before: 143.0 MB.
System memory in use after: 143.1 MB.

Unloading 23 unused Assets to reduce memory usage. Loaded Objects now: 3940.
Total: 3.337200 ms (FindLiveObjects: 0.380800 ms CreateObjectMapping: 0.420500 ms MarkObjects: 2.416100 ms  DeleteObjects: 0.118700 ms)

AssetImportParameters requested are different than current active one (requested -> active):
  custom:framework-win-MediaFoundation: 216162199b28c13a410421893ffa2e32 -> 
  custom:video-decoder-ogg-theora: a1e56fd34408186e4bbccfd4996cb3dc -> 
  custom:container-muxer-webm: aa71ff27fc2769a1b78a27578f13a17b -> 
  custom:container-demuxer-webm: 4f35f7cbe854078d1ac9338744f61a02 -> 
  custom:container-demuxer-ogg: 62fdf1f143b41e24485cea50d1cbac27 -> 
  custom:video-encoder-webm-vp8: eb34c28f22e8b96e1ab97ce403110664 -> 
  custom:video-decoder-webm-vp8: 9c59270c3fd7afecdb556c50c9e8de78 -> 
  custom:audio-decoder-ogg-vorbis: bf7c407c2cedff20999df2af8eb42d56 -> 
  custom:audio-encoder-webm-vorbis: bf7c407c2cedff20999df2af8eb42d56 -> 
========================================================================
Received Prepare
Registering precompiled user dll's ...
Registered in 0.003721 seconds.
Begin MonoManager ReloadAssembly
Native extension for WindowsStandalone target not found
Native extension for WebGL target not found
Refreshing native plugins compatible for Editor in 0.79 ms, found 3 plugins.
Preloading 0 native plugins for Editor in 0.00 ms.
Mono: successfully reloaded assembly
- Completed reload, in  1.267 seconds
Platform modules already initialized, skipping
Shader 'Universal Render Pipeline/Particles/Lit': fallback shader 'Universal Render Pipeline/Particles/SimpleLit' not found
Refreshing native plugins compatible for Editor in 1.72 ms, found 3 plugins.
Preloading 0 native plugins for Editor in 0.00 ms.
Unloading 3401 Unused Serialized files (Serialized files now loaded: 0)
System memory in use before: 143.0 MB.
System memory in use after: 143.1 MB.

Unloading 23 unused Assets to reduce memory usage. Loaded Objects now: 3944.
Total: 5.022100 ms (FindLiveObjects: 0.300400 ms CreateObjectMapping: 0.181700 ms MarkObjects: 4.408900 ms  DeleteObjects: 0.129800 ms)

AssetImportParameters requested are different than current active one (requested -> active):
  custom:framework-win-MediaFoundation: 216162199b28c13a410421893ffa2e32 -> 
  custom:video-decoder-ogg-theora: a1e56fd34408186e4bbccfd4996cb3dc -> 
  custom:container-muxer-webm: aa71ff27fc2769a1b78a27578f13a17b -> 
  custom:container-demuxer-webm: 4f35f7cbe854078d1ac9338744f61a02 -> 
  custom:container-demuxer-ogg: 62fdf1f143b41e24485cea50d1cbac27 -> 
  custom:video-encoder-webm-vp8: eb34c28f22e8b96e1ab97ce403110664 -> 
  custom:video-decoder-webm-vp8: 9c59270c3fd7afecdb556c50c9e8de78 -> 
  custom:audio-decoder-ogg-vorbis: bf7c407c2cedff20999df2af8eb42d56 -> 
  custom:audio-encoder-webm-vorbis: bf7c407c2cedff20999df2af8eb42d56 -> 
========================================================================
Received Prepare
Registering precompiled user dll's ...
Registered in 0.003849 seconds.
Begin MonoManager ReloadAssembly
Native extension for WindowsStandalone target not found
Native extension for WebGL target not found
Refreshing native plugins compatible for Editor in 0.74 ms, found 3 plugins.
Preloading 0 native plugins for Editor in 0.00 ms.
Mono: successfully reloaded assembly
- Completed reload, in  1.084 seconds
Platform modules already initialized, skipping
Shader 'Universal Render Pipeline/Particles/Lit': fallback shader 'Universal Render Pipeline/Particles/SimpleLit' not found
Refreshing native plugins compatible for Editor in 1.09 ms, found 3 plugins.
Preloading 0 native plugins for Editor in 0.00 ms.
Unloading 3401 Unused Serialized files (Serialized files now loaded: 0)
System memory in use before: 143.0 MB.
System memory in use after: 143.1 MB.

Unloading 23 unused Assets to reduce memory usage. Loaded Objects now: 3948.
Total: 3.717400 ms (FindLiveObjects: 0.558500 ms CreateObjectMapping: 0.439900 ms MarkObjects: 2.594300 ms  DeleteObjects: 0.123500 ms)

AssetImportParameters requested are different than current active one (requested -> active):
  custom:framework-win-MediaFoundation: 216162199b28c13a410421893ffa2e32 -> 
  custom:video-decoder-ogg-theora: a1e56fd34408186e4bbccfd4996cb3dc -> 
  custom:container-muxer-webm: aa71ff27fc2769a1b78a27578f13a17b -> 
  custom:container-demuxer-webm: 4f35f7cbe854078d1ac9338744f61a02 -> 
  custom:container-demuxer-ogg: 62fdf1f143b41e24485cea50d1cbac27 -> 
  custom:video-encoder-webm-vp8: eb34c28f22e8b96e1ab97ce403110664 -> 
  custom:video-decoder-webm-vp8: 9c59270c3fd7afecdb556c50c9e8de78 -> 
  custom:audio-decoder-ogg-vorbis: bf7c407c2cedff20999df2af8eb42d56 -> 
  custom:audio-encoder-webm-vorbis: bf7c407c2cedff20999df2af8eb42d56 -> 
========================================================================
Received Prepare
Registering precompiled user dll's ...
Registered in 0.004057 seconds.
Begin MonoManager ReloadAssembly
Native extension for WindowsStandalone target not found
Native extension for WebGL target not found
Refreshing native plugins compatible for Editor in 0.71 ms, found 3 plugins.
Preloading 0 native plugins for Editor in 0.00 ms.
Mono: successfully reloaded assembly
- Completed reload, in  1.047 seconds
Platform modules already initialized, skipping
Shader 'Universal Render Pipeline/Particles/Lit': fallback shader 'Universal Render Pipeline/Particles/SimpleLit' not found
Refreshing native plugins compatible for Editor in 0.71 ms, found 3 plugins.
Preloading 0 native plugins for Editor in 0.00 ms.
Unloading 3401 Unused Serialized files (Serialized files now loaded: 0)
System memory in use before: 143.0 MB.
System memory in use after: 143.1 MB.

Unloading 23 unused Assets to reduce memory usage. Loaded Objects now: 3952.
Total: 2.977900 ms (FindLiveObjects: 0.276700 ms CreateObjectMapping: 0.155400 ms MarkObjects: 2.374800 ms  DeleteObjects: 0.169900 ms)

AssetImportParameters requested are different than current active one (requested -> active):
  custom:framework-win-MediaFoundation: 216162199b28c13a410421893ffa2e32 -> 
  custom:video-decoder-ogg-theora: a1e56fd34408186e4bbccfd4996cb3dc -> 
  custom:container-muxer-webm: aa71ff27fc2769a1b78a27578f13a17b -> 
  custom:container-demuxer-webm: 4f35f7cbe854078d1ac9338744f61a02 -> 
  custom:container-demuxer-ogg: 62fdf1f143b41e24485cea50d1cbac27 -> 
  custom:video-encoder-webm-vp8: eb34c28f22e8b96e1ab97ce403110664 -> 
  custom:video-decoder-webm-vp8: 9c59270c3fd7afecdb556c50c9e8de78 -> 
  custom:audio-decoder-ogg-vorbis: bf7c407c2cedff20999df2af8eb42d56 -> 
  custom:audio-encoder-webm-vorbis: bf7c407c2cedff20999df2af8eb42d56 -> 
========================================================================
Received Prepare
Registering precompiled user dll's ...
Registered in 0.004300 seconds.
Begin MonoManager ReloadAssembly
Native extension for WindowsStandalone target not found
Native extension for WebGL target not found
Refreshing native plugins compatible for Editor in 0.72 ms, found 3 plugins.
Preloading 0 native plugins for Editor in 0.00 ms.
Mono: successfully reloaded assembly
- Completed reload, in  1.083 seconds
Platform modules already initialized, skipping
Shader 'Universal Render Pipeline/Particles/Lit': fallback shader 'Universal Render Pipeline/Particles/SimpleLit' not found
Refreshing native plugins compatible for Editor in 0.73 ms, found 3 plugins.
Preloading 0 native plugins for Editor in 0.00 ms.
Unloading 3401 Unused Serialized files (Serialized files now loaded: 0)
System memory in use before: 143.0 MB.
System memory in use after: 143.1 MB.

Unloading 23 unused Assets to reduce memory usage. Loaded Objects now: 3956.
Total: 3.069300 ms (FindLiveObjects: 0.328100 ms CreateObjectMapping: 0.160300 ms MarkObjects: 2.433800 ms  DeleteObjects: 0.145600 ms)

AssetImportParameters requested are different than current active one (requested -> active):
  custom:framework-win-MediaFoundation: 216162199b28c13a410421893ffa2e32 -> 
  custom:video-decoder-ogg-theora: a1e56fd34408186e4bbccfd4996cb3dc -> 
  custom:container-muxer-webm: aa71ff27fc2769a1b78a27578f13a17b -> 
  custom:container-demuxer-webm: 4f35f7cbe854078d1ac9338744f61a02 -> 
  custom:container-demuxer-ogg: 62fdf1f143b41e24485cea50d1cbac27 -> 
  custom:video-encoder-webm-vp8: eb34c28f22e8b96e1ab97ce403110664 -> 
  custom:video-decoder-webm-vp8: 9c59270c3fd7afecdb556c50c9e8de78 -> 
  custom:audio-decoder-ogg-vorbis: bf7c407c2cedff20999df2af8eb42d56 -> 
  custom:audio-encoder-webm-vorbis: bf7c407c2cedff20999df2af8eb42d56 -> 
========================================================================
Received Prepare
Registering precompiled user dll's ...
Registered in 0.004307 seconds.
Begin MonoManager ReloadAssembly
Native extension for WindowsStandalone target not found
Native extension for WebGL target not found
Refreshing native plugins compatible for Editor in 0.78 ms, found 3 plugins.
Preloading 0 native plugins for Editor in 0.00 ms.
Mono: successfully reloaded assembly
- Completed reload, in  1.198 seconds
Platform modules already initialized, skipping
Shader 'Universal Render Pipeline/Particles/Lit': fallback shader 'Universal Render Pipeline/Particles/SimpleLit' not found
Refreshing native plugins compatible for Editor in 0.71 ms, found 3 plugins.
Preloading 0 native plugins for Editor in 0.00 ms.
Unloading 3401 Unused Serialized files (Serialized files now loaded: 0)
System memory in use before: 143.1 MB.
System memory in use after: 143.1 MB.

Unloading 23 unused Assets to reduce memory usage. Loaded Objects now: 3960.
Total: 2.654000 ms (FindLiveObjects: 0.272200 ms CreateObjectMapping: 0.146900 ms MarkObjects: 2.092400 ms  DeleteObjects: 0.141400 ms)

AssetImportParameters requested are different than current active one (requested -> active):
  custom:framework-win-MediaFoundation: 216162199b28c13a410421893ffa2e32 -> 
  custom:video-decoder-ogg-theora: a1e56fd34408186e4bbccfd4996cb3dc -> 
  custom:container-muxer-webm: aa71ff27fc2769a1b78a27578f13a17b -> 
  custom:container-demuxer-webm: 4f35f7cbe854078d1ac9338744f61a02 -> 
  custom:container-demuxer-ogg: 62fdf1f143b41e24485cea50d1cbac27 -> 
  custom:video-encoder-webm-vp8: eb34c28f22e8b96e1ab97ce403110664 -> 
  custom:video-decoder-webm-vp8: 9c59270c3fd7afecdb556c50c9e8de78 -> 
  custom:audio-decoder-ogg-vorbis: bf7c407c2cedff20999df2af8eb42d56 -> 
  custom:audio-encoder-webm-vorbis: bf7c407c2cedff20999df2af8eb42d56 -> 
========================================================================
Received Import Request.
  Time since last request: 2767.669603 seconds.
  path: Assets/Tilemaps/NewPalette
  artifactKey: Guid(f5e3215ecee18aa4ea08a329eb7cfacc) Importer(815301076,1909f56bfc062723c751e8b465ee728b)
Start importing Assets/Tilemaps/NewPalette using Guid(f5e3215ecee18aa4ea08a329eb7cfacc) Importer(815301076,1909f56bfc062723c751e8b465ee728b)  -> (artifact id: '091bf62d12000e59dd727c67b9803b1a') in 0.009588 seconds 
  Import took 0.015035 seconds .

========================================================================
Received Import Request.
  Time since last request: 0.626474 seconds.
  path: Assets/Tilemaps/NewPalette/New Palette.prefab
  artifactKey: Guid(006a78c7ffc6fb84eaf7cf813de2b143) Importer(815301076,1909f56bfc062723c751e8b465ee728b)
Start importing Assets/Tilemaps/NewPalette/New Palette.prefab using Guid(006a78c7ffc6fb84eaf7cf813de2b143) Importer(815301076,1909f56bfc062723c751e8b465ee728b)  -> (artifact id: '88b1935c79086e8afd73d37d5b72297f') in 0.035741 seconds 
  Import took 0.040675 seconds .

========================================================================
Received Import Request.
  Time since last request: 5.511043 seconds.
  path: Assets/Tilemaps/Isometric/Colliders
  artifactKey: Guid(7ce88eb3a918d48b58110f4554235010) Importer(815301076,1909f56bfc062723c751e8b465ee728b)
Start importing Assets/Tilemaps/Isometric/Colliders using Guid(7ce88eb3a918d48b58110f4554235010) Importer(815301076,1909f56bfc062723c751e8b465ee728b)  -> (artifact id: 'bf3fa7704605a7771b26e4e59b7a9c91') in 0.005842 seconds 
  Import took 0.011208 seconds .

========================================================================
Received Import Request.
  Time since last request: 1.023529 seconds.
  path: Assets/Tilemaps/Isometric/Colliders/ColliderSprites
  artifactKey: Guid(9616a3258d605d84389f13ad78b69b23) Importer(815301076,1909f56bfc062723c751e8b465ee728b)
Start importing Assets/Tilemaps/Isometric/Colliders/ColliderSprites using Guid(9616a3258d605d84389f13ad78b69b23) Importer(815301076,1909f56bfc062723c751e8b465ee728b)  -> (artifact id: 'cd5c47c8246d81e2f4624529aea1b854') in 0.005572 seconds 
  Import took 0.011180 seconds .

========================================================================
Received Import Request.
  Time since last request: 1.789651 seconds.
  path: Assets/Tilemaps/Isometric/Colliders/ColliderSprites/slope-a.png
  artifactKey: Guid(3b9c38445f15341d3a30049b1e724d7c) Importer(815301076,1909f56bfc062723c751e8b465ee728b)
Start importing Assets/Tilemaps/Isometric/Colliders/ColliderSprites/slope-a.png using Guid(3b9c38445f15341d3a30049b1e724d7c) Importer(815301076,1909f56bfc062723c751e8b465ee728b)  -> (artifact id: '4ffaa0f77a714d6faf3c23e7e049093e') in 0.079996 seconds 
  Import took 0.085345 seconds .

========================================================================
Received Import Request.
  Time since last request: 0.000221 seconds.
  path: Assets/Tilemaps/Isometric/Colliders/ColliderSprites/tile-border-vertical.png
  artifactKey: Guid(9f01b32e1265842a8ad55a4483d583c9) Importer(815301076,1909f56bfc062723c751e8b465ee728b)
Start importing Assets/Tilemaps/Isometric/Colliders/ColliderSprites/tile-border-vertical.png using Guid(9f01b32e1265842a8ad55a4483d583c9) Importer(815301076,1909f56bfc062723c751e8b465ee728b)  -> (artifact id: '407cd7c5494aebf57e946503dc401924') in 0.010092 seconds 
  Import took 0.014693 seconds .

========================================================================
Received Import Request.
  Time since last request: 0.000187 seconds.
  path: Assets/Tilemaps/Isometric/Colliders/ColliderSprites/tile-full.png
  artifactKey: Guid(83b9904c54dbe4b8ba227406b0a259c3) Importer(815301076,1909f56bfc062723c751e8b465ee728b)
Start importing Assets/Tilemaps/Isometric/Colliders/ColliderSprites/tile-full.png using Guid(83b9904c54dbe4b8ba227406b0a259c3) Importer(815301076,1909f56bfc062723c751e8b465ee728b)  -> (artifact id: '6ec066dd52a121812af1dd88ff96ed53') in 0.011305 seconds 
  Import took 0.016661 seconds .

========================================================================
Received Import Request.
  Time since last request: 0.000228 seconds.
  path: Assets/Tilemaps/Isometric/Colliders/ColliderSprites/stairs-collider-a.png
  artifactKey: Guid(97367e8fd5a5c405fa7cda4d1139ad5c) Importer(815301076,1909f56bfc062723c751e8b465ee728b)
Start importing Assets/Tilemaps/Isometric/Colliders/ColliderSprites/stairs-collider-a.png using Guid(97367e8fd5a5c405fa7cda4d1139ad5c) Importer(815301076,1909f56bfc062723c751e8b465ee728b)  -> (artifact id: '8e04414cb9baf69cc44d2ebd7b63f2ca') in 0.011029 seconds 
  Import took 0.017141 seconds .

========================================================================
Received Import Request.
  Time since last request: 0.000231 seconds.
  path: Assets/Tilemaps/Isometric/Colliders/ColliderSprites/stairs-border.png
  artifactKey: Guid(063edbe48872b4ab39d61247bfbc7217) Importer(815301076,1909f56bfc062723c751e8b465ee728b)
Start importing Assets/Tilemaps/Isometric/Colliders/ColliderSprites/stairs-border.png using Guid(063edbe48872b4ab39d61247bfbc7217) Importer(815301076,1909f56bfc062723c751e8b465ee728b)  -> (artifact id: '8029b8a30ab9d5b3789369921851a032') in 0.011398 seconds 
  Import took 0.016863 seconds .

========================================================================
Received Import Request.
  Time since last request: 0.000115 seconds.
  path: Assets/Tilemaps/Isometric/Colliders/ColliderSprites/tile-half-3.png
  artifactKey: Guid(a776d11a6af034008bdcb032763c4c4c) Importer(815301076,1909f56bfc062723c751e8b465ee728b)
Start importing Assets/Tilemaps/Isometric/Colliders/ColliderSprites/tile-half-3.png using Guid(a776d11a6af034008bdcb032763c4c4c) Importer(815301076,1909f56bfc062723c751e8b465ee728b)  -> (artifact id: '4b71220fa15d3047373485b36c5efa24') in 0.009630 seconds 
  Import took 0.016351 seconds .

========================================================================
Received Import Request.
  Time since last request: 0.000261 seconds.
  path: Assets/Tilemaps/Isometric/Colliders/ColliderSprites/tile-half-1.png
  artifactKey: Guid(4a84cc2d487664161aacd5a7f6e84df8) Importer(815301076,1909f56bfc062723c751e8b465ee728b)
Start importing Assets/Tilemaps/Isometric/Colliders/ColliderSprites/tile-half-1.png using Guid(4a84cc2d487664161aacd5a7f6e84df8) Importer(815301076,1909f56bfc062723c751e8b465ee728b)  -> (artifact id: '49bd0396af9f6311788a107ff5620e17') in 0.013269 seconds 
  Import took 0.018446 seconds .

========================================================================
Received Import Request.
  Time since last request: 0.000245 seconds.
  path: Assets/Tilemaps/Isometric/Colliders/ColliderSprites/tile-half-4.png
  artifactKey: Guid(cd8a00ab8c9644c449810e6556ee77f8) Importer(815301076,1909f56bfc062723c751e8b465ee728b)
Start importing Assets/Tilemaps/Isometric/Colliders/ColliderSprites/tile-half-4.png using Guid(cd8a00ab8c9644c449810e6556ee77f8) Importer(815301076,1909f56bfc062723c751e8b465ee728b)  -> (artifact id: '9f07209f04e5d84976db208026666707') in 0.009852 seconds 
  Import took 0.015534 seconds .

========================================================================
Received Import Request.
  Time since last request: 0.000172 seconds.
  path: Assets/Tilemaps/Isometric/Colliders/ColliderSprites/tile-wall-2.png
  artifactKey: Guid(2abfa0b69193b46c4b7848a29c8a3c6f) Importer(815301076,1909f56bfc062723c751e8b465ee728b)
Start importing Assets/Tilemaps/Isometric/Colliders/ColliderSprites/tile-wall-2.png using Guid(2abfa0b69193b46c4b7848a29c8a3c6f) Importer(815301076,1909f56bfc062723c751e8b465ee728b)  -> (artifact id: 'a910c1ac847ab97972453a4bd8f5d78a') in 0.010579 seconds 
  Import took 0.015398 seconds .

========================================================================
Received Import Request.
  Time since last request: 0.000137 seconds.
  path: Assets/Tilemaps/Isometric/Colliders/ColliderSprites/tile-border-left.png
  artifactKey: Guid(6b9080908d34f4ed4b111f8752045ecf) Importer(815301076,1909f56bfc062723c751e8b465ee728b)
Start importing Assets/Tilemaps/Isometric/Colliders/ColliderSprites/tile-border-left.png using Guid(6b9080908d34f4ed4b111f8752045ecf) Importer(815301076,1909f56bfc062723c751e8b465ee728b)  -> (artifact id: '1f96067f8e20992dc49e0dd935dc1942') in 0.009010 seconds 
  Import took 0.014221 seconds .

========================================================================
Received Import Request.
  Time since last request: 0.000191 seconds.
  path: Assets/Tilemaps/Isometric/Colliders/ColliderSprites/tile-border-top.png
  artifactKey: Guid(6b19fa030e22a4aa7a4ebc2029911cf4) Importer(815301076,1909f56bfc062723c751e8b465ee728b)
Start importing Assets/Tilemaps/Isometric/Colliders/ColliderSprites/tile-border-top.png using Guid(6b19fa030e22a4aa7a4ebc2029911cf4) Importer(815301076,1909f56bfc062723c751e8b465ee728b)  -> (artifact id: '870a2b8d2dfb227e5c86b2d5b3415a9f') in 0.009409 seconds 
  Import took 0.014943 seconds .

========================================================================
Received Import Request.
  Time since last request: 0.000157 seconds.
  path: Assets/Tilemaps/Isometric/Colliders/ColliderSprites/tile-border-horizontal.png
  artifactKey: Guid(b6548471931e44419bb578976f69c7ba) Importer(815301076,1909f56bfc062723c751e8b465ee728b)
Start importing Assets/Tilemaps/Isometric/Colliders/ColliderSprites/tile-border-horizontal.png using Guid(b6548471931e44419bb578976f69c7ba) Importer(815301076,1909f56bfc062723c751e8b465ee728b)  -> (artifact id: 'b62ffb59e9456c913ae9f9173a3c87ca') in 0.008910 seconds 
  Import took 0.014055 seconds .

========================================================================
Received Import Request.
  Time since last request: 0.000170 seconds.
  path: Assets/Tilemaps/Isometric/Colliders/ColliderSprites/tile-half-2.png
  artifactKey: Guid(ed8786350b43746719629d0e1c8d5a45) Importer(815301076,1909f56bfc062723c751e8b465ee728b)
Start importing Assets/Tilemaps/Isometric/Colliders/ColliderSprites/tile-half-2.png using Guid(ed8786350b43746719629d0e1c8d5a45) Importer(815301076,1909f56bfc062723c751e8b465ee728b)  -> (artifact id: '6f5aaf8dc792ee3a8f5c10d08b0b05d2') in 0.009441 seconds 
  Import took 0.015127 seconds .

========================================================================
Received Import Request.
  Time since last request: 0.000150 seconds.
  path: Assets/Tilemaps/Isometric/Colliders/ColliderSprites/tile-wall-1.png
  artifactKey: Guid(e308331e58a9f474a89006337eb33d3e) Importer(815301076,1909f56bfc062723c751e8b465ee728b)
Start importing Assets/Tilemaps/Isometric/Colliders/ColliderSprites/tile-wall-1.png using Guid(e308331e58a9f474a89006337eb33d3e) Importer(815301076,1909f56bfc062723c751e8b465ee728b)  -> (artifact id: '380a538d07784c32a190fb32f40cd5cc') in 0.009954 seconds 
  Import took 0.014912 seconds .

========================================================================
Received Import Request.
  Time since last request: 0.000154 seconds.
  path: Assets/Tilemaps/Isometric/Colliders/ColliderSprites/tile-border-right.png
  artifactKey: Guid(8b08bcd21cb8a42fba868f390b68099b) Importer(815301076,1909f56bfc062723c751e8b465ee728b)
Start importing Assets/Tilemaps/Isometric/Colliders/ColliderSprites/tile-border-right.png using Guid(8b08bcd21cb8a42fba868f390b68099b) Importer(815301076,1909f56bfc062723c751e8b465ee728b)  -> (artifact id: '7061aff574140603497413ee4a43ec65') in 0.010331 seconds 
  Import took 0.015191 seconds .

========================================================================
Received Import Request.
  Time since last request: 2.676476 seconds.
  path: Assets/Tilemaps/Isometric/Colliders/ColliderTiles
  artifactKey: Guid(d06aaf4b2ea4a48eb94f753097e711da) Importer(815301076,1909f56bfc062723c751e8b465ee728b)
Start importing Assets/Tilemaps/Isometric/Colliders/ColliderTiles using Guid(d06aaf4b2ea4a48eb94f753097e711da) Importer(815301076,1909f56bfc062723c751e8b465ee728b)  -> (artifact id: 'ea0b8083d49be56cfe7b3b7ceb1e3da8') in 0.005203 seconds 
  Import took 0.010269 seconds .

========================================================================
Received Import Request.
  Time since last request: 0.088339 seconds.
  path: Assets/Tilemaps/Isometric/Colliders/ColliderTiles/cube08-a.asset
  artifactKey: Guid(bbe1039a73cb04a4db7e81501225bb46) Importer(815301076,1909f56bfc062723c751e8b465ee728b)
Start importing Assets/Tilemaps/Isometric/Colliders/ColliderTiles/cube08-a.asset using Guid(bbe1039a73cb04a4db7e81501225bb46) Importer(815301076,1909f56bfc062723c751e8b465ee728b)  -> (artifact id: 'c7c28e7e6e0086928c663198156cb56e') in 0.015666 seconds 
  Import took 0.020554 seconds .

========================================================================
Received Import Request.
  Time since last request: 0.000241 seconds.
  path: Assets/Tilemaps/Isometric/Colliders/ColliderTiles/stairs-border.asset
  artifactKey: Guid(cbf694c6d4cf7407fa98171d5b460804) Importer(815301076,1909f56bfc062723c751e8b465ee728b)
Start importing Assets/Tilemaps/Isometric/Colliders/ColliderTiles/stairs-border.asset using Guid(cbf694c6d4cf7407fa98171d5b460804) Importer(815301076,1909f56bfc062723c751e8b465ee728b)  -> (artifact id: '62146697b280536d397fd6538ba3d1c4') in 0.008207 seconds 
  Import took 0.013490 seconds .

========================================================================
Received Import Request.
  Time since last request: 0.000238 seconds.
  path: Assets/Tilemaps/Isometric/Colliders/ColliderTiles/tile-border-left.asset
  artifactKey: Guid(7e12fb73967d34777ba76171e8be7b04) Importer(815301076,1909f56bfc062723c751e8b465ee728b)
Start importing Assets/Tilemaps/Isometric/Colliders/ColliderTiles/tile-border-left.asset using Guid(7e12fb73967d34777ba76171e8be7b04) Importer(815301076,1909f56bfc062723c751e8b465ee728b)  -> (artifact id: '17c20b45e3ff5badb2a530e0d9562433') in 0.009191 seconds 
  Import took 0.015058 seconds .

========================================================================
Received Import Request.
  Time since last request: 0.000261 seconds.
  path: Assets/Tilemaps/Isometric/Colliders/ColliderTiles/cube08-b.asset
  artifactKey: Guid(f33ed7eb8e0d94540b49ee40617cac64) Importer(815301076,1909f56bfc062723c751e8b465ee728b)
Start importing Assets/Tilemaps/Isometric/Colliders/ColliderTiles/cube08-b.asset using Guid(f33ed7eb8e0d94540b49ee40617cac64) Importer(815301076,1909f56bfc062723c751e8b465ee728b)  -> (artifact id: '4f5962bf4325885200e3128ff4de77d9') in 0.013677 seconds 
  Import took 0.021181 seconds .

========================================================================
Received Import Request.
  Time since last request: 0.000056 seconds.
  path: Assets/Tilemaps/Isometric/Colliders/ColliderTiles/stairs-collider-a.asset
  artifactKey: Guid(3c8513f60da284fd49e1febc1125d01b) Importer(815301076,1909f56bfc062723c751e8b465ee728b)
Start importing Assets/Tilemaps/Isometric/Colliders/ColliderTiles/stairs-collider-a.asset using Guid(3c8513f60da284fd49e1febc1125d01b) Importer(815301076,1909f56bfc062723c751e8b465ee728b)  -> (artifact id: '74745e6ae603f65ee1a7a1eab5d44c25') in 0.008932 seconds 
  Import took 0.016622 seconds .

========================================================================
Received Import Request.
  Time since last request: 0.000254 seconds.
  path: Assets/Tilemaps/Isometric/Colliders/ColliderTiles/tile-half-1.asset
  artifactKey: Guid(cdc7cdfe54bd949bc8d15301aea6ebbb) Importer(815301076,1909f56bfc062723c751e8b465ee728b)
Start importing Assets/Tilemaps/Isometric/Colliders/ColliderTiles/tile-half-1.asset using Guid(cdc7cdfe54bd949bc8d15301aea6ebbb) Importer(815301076,1909f56bfc062723c751e8b465ee728b)  -> (artifact id: '3beb7c89e30864d16b215848bd7e8b4f') in 0.007045 seconds 
  Import took 0.012753 seconds .

========================================================================
Received Import Request.
  Time since last request: 0.000279 seconds.
  path: Assets/Tilemaps/Isometric/Colliders/ColliderTiles/tile-half-2.asset
  artifactKey: Guid(b34450756e99e469bb0f1a38140dc444) Importer(815301076,1909f56bfc062723c751e8b465ee728b)
Start importing Assets/Tilemaps/Isometric/Colliders/ColliderTiles/tile-half-2.asset using Guid(b34450756e99e469bb0f1a38140dc444) Importer(815301076,1909f56bfc062723c751e8b465ee728b)  -> (artifact id: '27dc5c58832300b29437b67478f67fdb') in 0.007574 seconds 
  Import took 0.013433 seconds .

========================================================================
Received Import Request.
  Time since last request: 0.000215 seconds.
  path: Assets/Tilemaps/Isometric/Colliders/ColliderTiles/cube08-c.asset
  artifactKey: Guid(65567705a06834642a3a558d4841fb2e) Importer(815301076,1909f56bfc062723c751e8b465ee728b)
Start importing Assets/Tilemaps/Isometric/Colliders/ColliderTiles/cube08-c.asset using Guid(65567705a06834642a3a558d4841fb2e) Importer(815301076,1909f56bfc062723c751e8b465ee728b)  -> (artifact id: '0dea7fe6adde3065023bc25b34c7cca7') in 0.007683 seconds 
  Import took 0.014413 seconds .

========================================================================
Received Import Request.
  Time since last request: 0.000059 seconds.
  path: Assets/Tilemaps/Isometric/Colliders/ColliderTiles/tile-border-vertical.asset
  artifactKey: Guid(7fa49cf4a88c04426910476f99b98ed5) Importer(815301076,1909f56bfc062723c751e8b465ee728b)
Start importing Assets/Tilemaps/Isometric/Colliders/ColliderTiles/tile-border-vertical.asset using Guid(7fa49cf4a88c04426910476f99b98ed5) Importer(815301076,1909f56bfc062723c751e8b465ee728b)  -> (artifact id: '1d66a97e5e8c372ced9968bbd10bd7b0') in 0.007568 seconds 
  Import took 0.012780 seconds .

========================================================================
Received Import Request.
  Time since last request: 0.000186 seconds.
  path: Assets/Tilemaps/Isometric/Colliders/ColliderTiles/tile-half-3.asset
  artifactKey: Guid(f0c9dbc04658b4c2db958ab415fdca2e) Importer(815301076,1909f56bfc062723c751e8b465ee728b)
Start importing Assets/Tilemaps/Isometric/Colliders/ColliderTiles/tile-half-3.asset using Guid(f0c9dbc04658b4c2db958ab415fdca2e) Importer(815301076,1909f56bfc062723c751e8b465ee728b)  -> (artifact id: '00831f7851903bc0c15e774992f1209e') in 0.006958 seconds 
  Import took 0.012372 seconds .

========================================================================
Received Import Request.
  Time since last request: 0.000140 seconds.
  path: Assets/Tilemaps/Isometric/Colliders/ColliderTiles/tile-border-top.asset
  artifactKey: Guid(9fda3ab080ea045df984418fa0ae89fa) Importer(815301076,1909f56bfc062723c751e8b465ee728b)
Start importing Assets/Tilemaps/Isometric/Colliders/ColliderTiles/tile-border-top.asset using Guid(9fda3ab080ea045df984418fa0ae89fa) Importer(815301076,1909f56bfc062723c751e8b465ee728b)  -> (artifact id: '98410ca684355d4e2c35a1771c0cd193') in 0.007012 seconds 
  Import took 0.011901 seconds .

========================================================================
Received Import Request.
  Time since last request: 0.000150 seconds.
  path: Assets/Tilemaps/Isometric/Colliders/ColliderTiles/slope-a.asset
  artifactKey: Guid(a742a29ac60d841d39bf94b399647333) Importer(815301076,1909f56bfc062723c751e8b465ee728b)
Start importing Assets/Tilemaps/Isometric/Colliders/ColliderTiles/slope-a.asset using Guid(a742a29ac60d841d39bf94b399647333) Importer(815301076,1909f56bfc062723c751e8b465ee728b)  -> (artifact id: '7fc86bf5c162a4fe4d7b0e2a033753d4') in 0.007945 seconds 
  Import took 0.013040 seconds .

========================================================================
Received Import Request.
  Time since last request: 0.000163 seconds.
  path: Assets/Tilemaps/Isometric/Colliders/ColliderTiles/tile-border-horizontal.asset
  artifactKey: Guid(5728af52a853d4e7c99b4cd9b35a24c4) Importer(815301076,1909f56bfc062723c751e8b465ee728b)
Start importing Assets/Tilemaps/Isometric/Colliders/ColliderTiles/tile-border-horizontal.asset using Guid(5728af52a853d4e7c99b4cd9b35a24c4) Importer(815301076,1909f56bfc062723c751e8b465ee728b)  -> (artifact id: '7b08d88a1296e68e4a837a6534946115') in 0.007159 seconds 
  Import took 0.012184 seconds .

========================================================================
Received Import Request.
  Time since last request: 0.000150 seconds.
  path: Assets/Tilemaps/Isometric/Colliders/ColliderTiles/tile-half-4.asset
  artifactKey: Guid(f2a0799670ff8402b921712e57a8baf3) Importer(815301076,1909f56bfc062723c751e8b465ee728b)
Start importing Assets/Tilemaps/Isometric/Colliders/ColliderTiles/tile-half-4.asset using Guid(f2a0799670ff8402b921712e57a8baf3) Importer(815301076,1909f56bfc062723c751e8b465ee728b)  -> (artifact id: '75b1e1f824de504f606d1394691c1ffa') in 0.007681 seconds 
  Import took 0.012786 seconds .

========================================================================
Received Import Request.
  Time since last request: 0.000161 seconds.
  path: Assets/Tilemaps/Isometric/Colliders/ColliderTiles/tile-border-right.asset
  artifactKey: Guid(2655b78189c934c049014795a63848c2) Importer(815301076,1909f56bfc062723c751e8b465ee728b)
Start importing Assets/Tilemaps/Isometric/Colliders/ColliderTiles/tile-border-right.asset using Guid(2655b78189c934c049014795a63848c2) Importer(815301076,1909f56bfc062723c751e8b465ee728b)  -> (artifact id: 'dbb3a9a317801741b10ce313a90c5bfb') in 0.006283 seconds 
  Import took 0.011728 seconds .

========================================================================
Received Prepare
Registering precompiled user dll's ...
Registered in 0.003727 seconds.
Begin MonoManager ReloadAssembly
Native extension for WindowsStandalone target not found
Native extension for WebGL target not found
Refreshing native plugins compatible for Editor in 0.72 ms, found 3 plugins.
Preloading 0 native plugins for Editor in 0.00 ms.
Mono: successfully reloaded assembly
- Completed reload, in  1.011 seconds
Platform modules already initialized, skipping
Shader 'Universal Render Pipeline/Particles/Lit': fallback shader 'Universal Render Pipeline/Particles/SimpleLit' not found
Refreshing native plugins compatible for Editor in 0.75 ms, found 3 plugins.
Preloading 0 native plugins for Editor in 0.00 ms.
Unloading 3401 Unused Serialized files (Serialized files now loaded: 0)
System memory in use before: 146.1 MB.
System memory in use after: 146.2 MB.

Unloading 23 unused Assets to reduce memory usage. Loaded Objects now: 3972.
Total: 2.651500 ms (FindLiveObjects: 0.281800 ms CreateObjectMapping: 0.147100 ms MarkObjects: 2.101900 ms  DeleteObjects: 0.119700 ms)

AssetImportParameters requested are different than current active one (requested -> active):
  custom:framework-win-MediaFoundation: 216162199b28c13a410421893ffa2e32 -> 
  custom:video-decoder-ogg-theora: a1e56fd34408186e4bbccfd4996cb3dc -> 
  custom:container-muxer-webm: aa71ff27fc2769a1b78a27578f13a17b -> 
  custom:container-demuxer-webm: 4f35f7cbe854078d1ac9338744f61a02 -> 
  custom:container-demuxer-ogg: 62fdf1f143b41e24485cea50d1cbac27 -> 
  custom:video-encoder-webm-vp8: eb34c28f22e8b96e1ab97ce403110664 -> 
  custom:video-decoder-webm-vp8: 9c59270c3fd7afecdb556c50c9e8de78 -> 
  custom:audio-decoder-ogg-vorbis: bf7c407c2cedff20999df2af8eb42d56 -> 
  custom:audio-encoder-webm-vorbis: bf7c407c2cedff20999df2af8eb42d56 -> 
========================================================================
Received Prepare
Registering precompiled user dll's ...
Registered in 0.003655 seconds.
Begin MonoManager ReloadAssembly
Native extension for WindowsStandalone target not found
Native extension for WebGL target not found
Refreshing native plugins compatible for Editor in 0.72 ms, found 3 plugins.
Preloading 0 native plugins for Editor in 0.00 ms.
Mono: successfully reloaded assembly
- Completed reload, in  1.006 seconds
Platform modules already initialized, skipping
Shader 'Universal Render Pipeline/Particles/Lit': fallback shader 'Universal Render Pipeline/Particles/SimpleLit' not found
Refreshing native plugins compatible for Editor in 0.71 ms, found 3 plugins.
Preloading 0 native plugins for Editor in 0.00 ms.
Unloading 3401 Unused Serialized files (Serialized files now loaded: 0)
System memory in use before: 146.1 MB.
System memory in use after: 146.2 MB.

Unloading 23 unused Assets to reduce memory usage. Loaded Objects now: 3976.
Total: 2.631300 ms (FindLiveObjects: 0.267700 ms CreateObjectMapping: 0.155600 ms MarkObjects: 2.063500 ms  DeleteObjects: 0.143500 ms)

AssetImportParameters requested are different than current active one (requested -> active):
  custom:framework-win-MediaFoundation: 216162199b28c13a410421893ffa2e32 -> 
  custom:video-decoder-ogg-theora: a1e56fd34408186e4bbccfd4996cb3dc -> 
  custom:container-muxer-webm: aa71ff27fc2769a1b78a27578f13a17b -> 
  custom:container-demuxer-webm: 4f35f7cbe854078d1ac9338744f61a02 -> 
  custom:container-demuxer-ogg: 62fdf1f143b41e24485cea50d1cbac27 -> 
  custom:video-encoder-webm-vp8: eb34c28f22e8b96e1ab97ce403110664 -> 
  custom:video-decoder-webm-vp8: 9c59270c3fd7afecdb556c50c9e8de78 -> 
  custom:audio-decoder-ogg-vorbis: bf7c407c2cedff20999df2af8eb42d56 -> 
  custom:audio-encoder-webm-vorbis: bf7c407c2cedff20999df2af8eb42d56 -> 
========================================================================
Received Import Request.
  Time since last request: 442.248551 seconds.
  path: ProjectSettings/TagManager.asset
  artifactKey: Guid(00000000000000003000000000000000) Importer(815301076,1909f56bfc062723c751e8b465ee728b)
Start importing ProjectSettings/TagManager.asset using Guid(00000000000000003000000000000000) Importer(815301076,1909f56bfc062723c751e8b465ee728b)  -> (artifact id: 'f4fb04fead22d5d5a9f80474f84c91a6') in 0.018165 seconds 
  Import took 0.023321 seconds .

========================================================================
Received Import Request.
  Time since last request: 0.015244 seconds.
  path: ProjectSettings/TagManager.asset
  artifactKey: Guid(00000000000000003000000000000000) Importer(815301076,1909f56bfc062723c751e8b465ee728b)
Start importing ProjectSettings/TagManager.asset using Guid(00000000000000003000000000000000) Importer(815301076,1909f56bfc062723c751e8b465ee728b)  -> (artifact id: 'f4fb04fead22d5d5a9f80474f84c91a6') in 0.002172 seconds 
  Import took 0.007659 seconds .

========================================================================
Received Prepare
Registering precompiled user dll's ...
Registered in 0.003494 seconds.
Begin MonoManager ReloadAssembly
Native extension for WindowsStandalone target not found
Native extension for WebGL target not found
Refreshing native plugins compatible for Editor in 0.72 ms, found 3 plugins.
Preloading 0 native plugins for Editor in 0.00 ms.
Mono: successfully reloaded assembly
- Completed reload, in  1.005 seconds
Platform modules already initialized, skipping
Shader 'Universal Render Pipeline/Particles/Lit': fallback shader 'Universal Render Pipeline/Particles/SimpleLit' not found
Refreshing native plugins compatible for Editor in 0.73 ms, found 3 plugins.
Preloading 0 native plugins for Editor in 0.00 ms.
Unloading 3401 Unused Serialized files (Serialized files now loaded: 0)
System memory in use before: 146.1 MB.
System memory in use after: 146.2 MB.

Unloading 25 unused Assets to reduce memory usage. Loaded Objects now: 3980.
Total: 2.818000 ms (FindLiveObjects: 0.323100 ms CreateObjectMapping: 0.164100 ms MarkObjects: 2.205800 ms  DeleteObjects: 0.123600 ms)

AssetImportParameters requested are different than current active one (requested -> active):
  custom:framework-win-MediaFoundation: 216162199b28c13a410421893ffa2e32 -> 
  custom:video-decoder-ogg-theora: a1e56fd34408186e4bbccfd4996cb3dc -> 
  custom:container-muxer-webm: aa71ff27fc2769a1b78a27578f13a17b -> 
  custom:container-demuxer-webm: 4f35f7cbe854078d1ac9338744f61a02 -> 
  custom:container-demuxer-ogg: 62fdf1f143b41e24485cea50d1cbac27 -> 
  custom:video-encoder-webm-vp8: eb34c28f22e8b96e1ab97ce403110664 -> 
  custom:video-decoder-webm-vp8: 9c59270c3fd7afecdb556c50c9e8de78 -> 
  custom:audio-decoder-ogg-vorbis: bf7c407c2cedff20999df2af8eb42d56 -> 
  custom:audio-encoder-webm-vorbis: bf7c407c2cedff20999df2af8eb42d56 -> 
========================================================================
Received Prepare
Registering precompiled user dll's ...
Registered in 0.003507 seconds.
Begin MonoManager ReloadAssembly
Native extension for WindowsStandalone target not found
Native extension for WebGL target not found
Refreshing native plugins compatible for Editor in 0.74 ms, found 3 plugins.
Preloading 0 native plugins for Editor in 0.00 ms.
Mono: successfully reloaded assembly
- Completed reload, in  1.024 seconds
Platform modules already initialized, skipping
Shader 'Universal Render Pipeline/Particles/Lit': fallback shader 'Universal Render Pipeline/Particles/SimpleLit' not found
Refreshing native plugins compatible for Editor in 1.18 ms, found 3 plugins.
Preloading 0 native plugins for Editor in 0.00 ms.
Unloading 3401 Unused Serialized files (Serialized files now loaded: 0)
System memory in use before: 146.1 MB.
System memory in use after: 146.2 MB.

Unloading 23 unused Assets to reduce memory usage. Loaded Objects now: 3984.
Total: 2.713800 ms (FindLiveObjects: 0.289800 ms CreateObjectMapping: 0.163000 ms MarkObjects: 2.112500 ms  DeleteObjects: 0.147700 ms)

AssetImportParameters requested are different than current active one (requested -> active):
  custom:framework-win-MediaFoundation: 216162199b28c13a410421893ffa2e32 -> 
  custom:video-decoder-ogg-theora: a1e56fd34408186e4bbccfd4996cb3dc -> 
  custom:container-muxer-webm: aa71ff27fc2769a1b78a27578f13a17b -> 
  custom:container-demuxer-webm: 4f35f7cbe854078d1ac9338744f61a02 -> 
  custom:container-demuxer-ogg: 62fdf1f143b41e24485cea50d1cbac27 -> 
  custom:video-encoder-webm-vp8: eb34c28f22e8b96e1ab97ce403110664 -> 
  custom:video-decoder-webm-vp8: 9c59270c3fd7afecdb556c50c9e8de78 -> 
  custom:audio-decoder-ogg-vorbis: bf7c407c2cedff20999df2af8eb42d56 -> 
  custom:audio-encoder-webm-vorbis: bf7c407c2cedff20999df2af8eb42d56 -> 
========================================================================
Received Prepare
Registering precompiled user dll's ...
Registered in 0.003559 seconds.
Begin MonoManager ReloadAssembly
Native extension for WindowsStandalone target not found
Native extension for WebGL target not found
Refreshing native plugins compatible for Editor in 0.73 ms, found 3 plugins.
Preloading 0 native plugins for Editor in 0.00 ms.
Mono: successfully reloaded assembly
- Completed reload, in  1.007 seconds
Platform modules already initialized, skipping
Shader 'Universal Render Pipeline/Particles/Lit': fallback shader 'Universal Render Pipeline/Particles/SimpleLit' not found
Refreshing native plugins compatible for Editor in 0.77 ms, found 3 plugins.
Preloading 0 native plugins for Editor in 0.00 ms.
Unloading 3401 Unused Serialized files (Serialized files now loaded: 0)
System memory in use before: 146.1 MB.
System memory in use after: 146.2 MB.

Unloading 23 unused Assets to reduce memory usage. Loaded Objects now: 3988.
Total: 2.570300 ms (FindLiveObjects: 0.276300 ms CreateObjectMapping: 0.150900 ms MarkObjects: 1.998300 ms  DeleteObjects: 0.143800 ms)

AssetImportParameters requested are different than current active one (requested -> active):
  custom:framework-win-MediaFoundation: 216162199b28c13a410421893ffa2e32 -> 
  custom:video-decoder-ogg-theora: a1e56fd34408186e4bbccfd4996cb3dc -> 
  custom:container-muxer-webm: aa71ff27fc2769a1b78a27578f13a17b -> 
  custom:container-demuxer-webm: 4f35f7cbe854078d1ac9338744f61a02 -> 
  custom:container-demuxer-ogg: 62fdf1f143b41e24485cea50d1cbac27 -> 
  custom:video-encoder-webm-vp8: eb34c28f22e8b96e1ab97ce403110664 -> 
  custom:video-decoder-webm-vp8: 9c59270c3fd7afecdb556c50c9e8de78 -> 
  custom:audio-decoder-ogg-vorbis: bf7c407c2cedff20999df2af8eb42d56 -> 
  custom:audio-encoder-webm-vorbis: bf7c407c2cedff20999df2af8eb42d56 -> 
========================================================================
Received Prepare
Registering precompiled user dll's ...
Registered in 0.003447 seconds.
Begin MonoManager ReloadAssembly
Native extension for WindowsStandalone target not found
Native extension for WebGL target not found
Refreshing native plugins compatible for Editor in 0.72 ms, found 3 plugins.
Preloading 0 native plugins for Editor in 0.00 ms.
Mono: successfully reloaded assembly
- Completed reload, in  1.133 seconds
Platform modules already initialized, skipping
Shader 'Universal Render Pipeline/Particles/Lit': fallback shader 'Universal Render Pipeline/Particles/SimpleLit' not found
Refreshing native plugins compatible for Editor in 0.75 ms, found 3 plugins.
Preloading 0 native plugins for Editor in 0.00 ms.
Unloading 3401 Unused Serialized files (Serialized files now loaded: 0)
System memory in use before: 146.1 MB.
System memory in use after: 146.2 MB.

Unloading 23 unused Assets to reduce memory usage. Loaded Objects now: 3992.
Total: 2.634800 ms (FindLiveObjects: 0.273500 ms CreateObjectMapping: 0.155900 ms MarkObjects: 2.058300 ms  DeleteObjects: 0.146000 ms)

AssetImportParameters requested are different than current active one (requested -> active):
  custom:framework-win-MediaFoundation: 216162199b28c13a410421893ffa2e32 -> 
  custom:video-decoder-ogg-theora: a1e56fd34408186e4bbccfd4996cb3dc -> 
  custom:container-muxer-webm: aa71ff27fc2769a1b78a27578f13a17b -> 
  custom:container-demuxer-webm: 4f35f7cbe854078d1ac9338744f61a02 -> 
  custom:container-demuxer-ogg: 62fdf1f143b41e24485cea50d1cbac27 -> 
  custom:video-encoder-webm-vp8: eb34c28f22e8b96e1ab97ce403110664 -> 
  custom:video-decoder-webm-vp8: 9c59270c3fd7afecdb556c50c9e8de78 -> 
  custom:audio-decoder-ogg-vorbis: bf7c407c2cedff20999df2af8eb42d56 -> 
  custom:audio-encoder-webm-vorbis: bf7c407c2cedff20999df2af8eb42d56 -> 
